FXC : warning X4717: Effects deprecated for D3DCompiler_47
C:\Users\Park yong soo\Desktop\team6_game\team6_game\VSPS.fx(47,19-67): warning X3206: implicit truncation of vector type
  
  compilation object save succeeded; see C:\Users\Park yong soo\Desktop\team6_game\team6_game\Release\PS.cso
FXC : warning X4717: Effects deprecated for D3DCompiler_47
C:\Users\Park yong soo\Desktop\team6_game\team6_game\VSPS.fx(47,19-67): warning X3206: implicit truncation of vector type
  
  compilation object save succeeded; see C:\Users\Park yong soo\Desktop\team6_game\team6_game\Release\VS.cso
FXC : warning X4717: Effects deprecated for D3DCompiler_47
C:\Users\Park yong soo\Desktop\team6_game\team6_game\VSPS.fx(47,19-67): warning X3206: implicit truncation of vector type
  
  compilation object save succeeded; see C:\Users\Park yong soo\Desktop\team6_game\team6_game\Release\VSPS.cso
  DDSTextureLoader.cpp
  main.cpp
c:\users\park yong soo\desktop\team6_game\team6_game\Body.h(190): warning C4244: '=': 'double'에서 'float'(으)로 변환하면서 데이터가 손실될 수 있습니다.
c:\users\park yong soo\desktop\team6_game\team6_game\Body.h(192): warning C4244: '=': 'double'에서 'float'(으)로 변환하면서 데이터가 손실될 수 있습니다.
c:\users\park yong soo\desktop\team6_game\team6_game\Body.h(205): warning C4244: '=': 'double'에서 'float'(으)로 변환하면서 데이터가 손실될 수 있습니다.
c:\users\park yong soo\desktop\team6_game\team6_game\Body.h(207): warning C4244: '=': 'double'에서 'float'(으)로 변환하면서 데이터가 손실될 수 있습니다.
c:\users\park yong soo\desktop\team6_game\team6_game\Enemy.h(163): warning C4244: '인수': 'time_t'에서 'unsigned int'(으)로 변환하면서 데이터가 손실될 수 있습니다.
c:\users\park yong soo\desktop\team6_game\team6_game\Enemy.h(239): warning C4305: '+=': 'double'에서 'float'(으)로 잘립니다.
c:\users\park yong soo\desktop\team6_game\team6_game\Enemy.h(242): warning C4305: '-=': 'double'에서 'float'(으)로 잘립니다.
c:\users\park yong soo\desktop\team6_game\team6_game\Enemy.h(245): warning C4018: '<': signed 또는 unsigned가 일치하지 않습니다.
c:\users\park yong soo\desktop\team6_game\team6_game\Enemy.h(275): warning C4018: '<': signed 또는 unsigned가 일치하지 않습니다.
c:\users\park yong soo\desktop\team6_game\team6_game\Enemy.h(326): warning C4244: '=': 'float'에서 'int'(으)로 변환하면서 데이터가 손실될 수 있습니다.
c:\users\park yong soo\desktop\team6_game\team6_game\Enemy.h(333): warning C4244: '=': 'float'에서 'int'(으)로 변환하면서 데이터가 손실될 수 있습니다.
c:\users\park yong soo\desktop\team6_game\team6_game\Enemy.h(341): warning C4244: '=': 'float'에서 'int'(으)로 변환하면서 데이터가 손실될 수 있습니다.
c:\users\park yong soo\desktop\team6_game\team6_game\Enemy.h(347): warning C4244: '=': 'float'에서 'int'(으)로 변환하면서 데이터가 손실될 수 있습니다.
c:\users\park yong soo\desktop\team6_game\team6_game\Enemy.h(353): warning C4244: '=': 'float'에서 'int'(으)로 변환하면서 데이터가 손실될 수 있습니다.
c:\users\park yong soo\desktop\team6_game\team6_game\Enemy.h(361): warning C4244: '=': 'float'에서 'int'(으)로 변환하면서 데이터가 손실될 수 있습니다.
c:\users\park yong soo\desktop\team6_game\team6_game\Enemy.h(370): warning C4244: '=': 'float'에서 'int'(으)로 변환하면서 데이터가 손실될 수 있습니다.
c:\users\park yong soo\desktop\team6_game\team6_game\Enemy.h(376): warning C4244: '=': 'float'에서 'int'(으)로 변환하면서 데이터가 손실될 수 있습니다.
c:\users\park yong soo\desktop\team6_game\team6_game\Enemy.h(384): warning C4244: '=': 'float'에서 'int'(으)로 변환하면서 데이터가 손실될 수 있습니다.
c:\users\park yong soo\desktop\team6_game\team6_game\Enemy.h(389): warning C4244: '=': 'float'에서 'int'(으)로 변환하면서 데이터가 손실될 수 있습니다.
c:\users\park yong soo\desktop\team6_game\team6_game\Enemy.h(394): warning C4244: '=': 'float'에서 'int'(으)로 변환하면서 데이터가 손실될 수 있습니다.
c:\users\park yong soo\desktop\team6_game\team6_game\Enemy.h(395): warning C4244: '=': 'float'에서 'int'(으)로 변환하면서 데이터가 손실될 수 있습니다.
c:\users\park yong soo\desktop\team6_game\team6_game\Enemy.h(403): warning C4244: '=': 'float'에서 'int'(으)로 변환하면서 데이터가 손실될 수 있습니다.
c:\users\park yong soo\desktop\team6_game\team6_game\Enemy.h(404): warning C4244: '=': 'float'에서 'int'(으)로 변환하면서 데이터가 손실될 수 있습니다.
c:\users\park yong soo\desktop\team6_game\team6_game\Enemy.h(412): warning C4244: '=': 'float'에서 'int'(으)로 변환하면서 데이터가 손실될 수 있습니다.
c:\users\park yong soo\desktop\team6_game\team6_game\Enemy.h(413): warning C4244: '=': 'float'에서 'int'(으)로 변환하면서 데이터가 손실될 수 있습니다.
c:\users\park yong soo\desktop\team6_game\team6_game\Enemy.h(422): warning C4244: '=': 'float'에서 'int'(으)로 변환하면서 데이터가 손실될 수 있습니다.
c:\users\park yong soo\desktop\team6_game\team6_game\Enemy.h(423): warning C4244: '=': 'float'에서 'int'(으)로 변환하면서 데이터가 손실될 수 있습니다.
c:\users\park yong soo\desktop\team6_game\team6_game\Enemy.h(431): warning C4244: '=': 'float'에서 'int'(으)로 변환하면서 데이터가 손실될 수 있습니다.
c:\users\park yong soo\desktop\team6_game\team6_game\Enemy.h(436): warning C4244: '=': 'float'에서 'int'(으)로 변환하면서 데이터가 손실될 수 있습니다.
c:\users\park yong soo\desktop\team6_game\team6_game\Enemy.h(468): warning C4244: '=': 'float'에서 'int'(으)로 변환하면서 데이터가 손실될 수 있습니다.
c:\users\park yong soo\desktop\team6_game\team6_game\Enemy.h(473): warning C4244: '=': 'float'에서 'int'(으)로 변환하면서 데이터가 손실될 수 있습니다.
c:\users\park yong soo\desktop\team6_game\team6_game\Enemy.h(493): warning C4244: '=': 'float'에서 'int'(으)로 변환하면서 데이터가 손실될 수 있습니다.
c:\users\park yong soo\desktop\team6_game\team6_game\Enemy.h(501): warning C4244: '=': 'int'에서 'float'(으)로 변환하면서 데이터가 손실될 수 있습니다.
c:\users\park yong soo\desktop\team6_game\team6_game\Enemy.h(512): warning C4244: '=': 'float'에서 'int'(으)로 변환하면서 데이터가 손실될 수 있습니다.
c:\users\park yong soo\desktop\team6_game\team6_game\Enemy.h(520): warning C4244: '=': 'int'에서 'float'(으)로 변환하면서 데이터가 손실될 수 있습니다.
c:\users\park yong soo\desktop\team6_game\team6_game\Core.h(60): warning C4018: '<': signed 또는 unsigned가 일치하지 않습니다.
c:\users\park yong soo\desktop\team6_game\team6_game\Core.h(127): warning C4305: '-=': 'double'에서 'float'(으)로 잘립니다.
c:\users\park yong soo\desktop\team6_game\team6_game\Core.h(137): warning C4305: '+=': 'double'에서 'float'(으)로 잘립니다.
c:\users\park yong soo\desktop\team6_game\team6_game\Core.h(329): warning C4018: '<': signed 또는 unsigned가 일치하지 않습니다.
c:\users\park yong soo\desktop\team6_game\team6_game\Core.h(339): warning C4018: '<': signed 또는 unsigned가 일치하지 않습니다.
c:\users\park yong soo\desktop\team6_game\team6_game\Core.h(365): warning C4018: '<': signed 또는 unsigned가 일치하지 않습니다.
main.cpp(282): warning C4244: '인수': 'int'에서 'float'(으)로 변환하면서 데이터가 손실될 수 있습니다.
main.cpp(291): warning C4244: '인수': 'int'에서 'float'(으)로 변환하면서 데이터가 손실될 수 있습니다.
main.cpp(300): warning C4244: '인수': 'int'에서 'float'(으)로 변환하면서 데이터가 손실될 수 있습니다.
main.cpp(1770): warning C4244: '인수': 'int'에서 'float'(으)로 변환하면서 데이터가 손실될 수 있습니다.
main.cpp(1774): warning C4244: '인수': 'int'에서 'float'(으)로 변환하면서 데이터가 손실될 수 있습니다.
main.cpp(1803): warning C4244: '인수': 'int'에서 'float'(으)로 변환하면서 데이터가 손실될 수 있습니다.
main.cpp(1804): warning C4244: '인수': 'int'에서 'float'(으)로 변환하면서 데이터가 손실될 수 있습니다.
main.cpp(1823): warning C4018: '<': signed 또는 unsigned가 일치하지 않습니다.
  코드를 생성하고 있습니다.
c:\users\park yong soo\desktop\team6_game\team6_game\header.h(167): warning C4715: 'bind': 모든 제어 경로에서 값을 반환하지는 않습니다.
  All 713 functions were compiled because no usable IPDB/IOBJ from previous compilation was found.
  코드를 생성했습니다.
  Practice_10.vcxproj -> C:\Users\Park yong soo\Desktop\team6_game\team6_game\Release\team6_game.exe
